<?xml version="1.0" encoding="UTF-8"?>
<!-- Generated by org.testng.reporters.JUnitReportReporter -->
<testsuite hostname="PUNITP573378L" failures="0" tests="1" name="com.jsonFile.RegisterUsersTest" time="0.419" errors="0" timestamp="2023-10-05T12:29:11 IST" skipped="0">
  <testcase classname="com.jsonFile.RegisterUsersTest" name="registerUser" time="0.419"/>
</testsuite> <!-- com.jsonFile.RegisterUsersTest -->
