<?xml version="1.0" encoding="UTF-8"?>
<!-- Generated by org.testng.reporters.JUnitReportReporter -->
<testsuite hostname="PUNITP573378L" failures="0" tests="3" name="com.newCode.TestRegisterAPI" time="1.582" errors="0" timestamp="2023-10-05T12:29:11 IST" skipped="0">
  <testcase classname="com.newCode.TestRegisterAPI" name="registerAPITest" time="0.438"/>
  <testcase classname="com.newCode.TestRegisterAPI" name="registerAPITest" time="0.693"/>
  <testcase classname="com.newCode.TestRegisterAPI" name="registerAPITest" time="0.451"/>
</testsuite> <!-- com.newCode.TestRegisterAPI -->
