<?xml version="1.0" encoding="UTF-8"?>
<!-- Generated by org.testng.reporters.JUnitReportReporter -->
<testsuite hostname="PUNITP573378L" failures="0" tests="3" name="com.pojoclasses.RegisterAPITest" time="1.329" errors="0" timestamp="2023-10-05T12:29:10 IST" skipped="0">
  <testcase classname="com.pojoclasses.RegisterAPITest" name="testPostRegisterSuccessfulEndpoint" time="0.431"/>
  <testcase classname="com.pojoclasses.RegisterAPITest" name="testPostRegisterSuccessfulEndpoint" time="0.434"/>
  <testcase classname="com.pojoclasses.RegisterAPITest" name="testPostRegisterSuccessfulEndpoint" time="0.464"/>
</testsuite> <!-- com.pojoclasses.RegisterAPITest -->
