<?xml version="1.0" encoding="UTF-8"?>
<!-- Generated by org.testng.reporters.JUnitReportReporter -->
<testsuite hostname="PUNITP573378L" failures="0" tests="1" name="com.infosys.TestRegistrationSuccessfull" time="2.563" errors="0" timestamp="2023-10-05T12:29:11 IST" skipped="0">
  <testcase classname="com.infosys.TestRegistrationSuccessfull" name="testPostRegisterSuccessfulEndpoint" time="2.563"/>
</testsuite> <!-- com.infosys.TestRegistrationSuccessfull -->
