<?xml version="1.0" encoding="UTF-8"?>
<!-- Generated by org.testng.reporters.JUnitReportReporter -->
<testsuite hostname="PUNITP573378L" failures="0" tests="1" name="com.jsonFile.RegisterUsersTest" time="3.706" errors="0" timestamp="2023-10-04T14:29:19 IST" skipped="0">
  <testcase classname="com.jsonFile.RegisterUsersTest" name="registerUser" time="3.706"/>
</testsuite> <!-- com.jsonFile.RegisterUsersTest -->
