<?xml version="1.0" encoding="UTF-8"?>
<!-- Generated by org.testng.reporters.JUnitReportReporter -->
<testsuite hostname="PUNITP573378L" failures="0" tests="3" name="com.pojoclasses.RegisterAPITest" time="4.564" errors="0" timestamp="2023-10-31T11:44:51 IST" skipped="0">
  <testcase classname="com.pojoclasses.RegisterAPITest" name="testPostRegisterSuccessfulEndpoint" time="1.078"/>
  <testcase classname="com.pojoclasses.RegisterAPITest" name="testPostRegisterSuccessfulEndpoint" time="2.737"/>
  <testcase classname="com.pojoclasses.RegisterAPITest" name="testPostRegisterSuccessfulEndpoint" time="0.749"/>
</testsuite> <!-- com.pojoclasses.RegisterAPITest -->
