<?xml version="1.0" encoding="UTF-8"?>
<!-- Generated by org.testng.reporters.JUnitReportReporter -->
<testsuite hostname="PUNITP573378L" failures="0" tests="2" name="com.infosys.ListUsers" time="6.429" errors="0" timestamp="2023-10-20T10:18:18 IST" skipped="0">
  <testcase classname="com.infosys.ListUsers" name="methodSecond" time="0.698"/>
  <testcase classname="com.infosys.ListUsers" name="methodOne" time="5.731"/>
</testsuite> <!-- com.infosys.ListUsers -->
