<?xml version="1.0" encoding="UTF-8"?>
<!-- Generated by org.testng.reporters.JUnitReportReporter -->
<testsuite hostname="PUNITP573378L" failures="0" tests="1" name="com.jsonFile.RegisterMultipleUsersTest" time="10.593" errors="0" timestamp="2023-10-04T13:14:18 IST" skipped="0">
  <testcase classname="com.jsonFile.RegisterMultipleUsersTest" name="registerUser" time="10.593"/>
</testsuite> <!-- com.jsonFile.RegisterMultipleUsersTest -->
