<?xml version="1.0" encoding="UTF-8"?>
<!-- Generated by org.testng.reporters.JUnitReportReporter -->
<testsuite hostname="PUNITP573378L" failures="0" tests="3" name="com.newCode.TestRegisterAPI" time="5.791" errors="0" timestamp="2023-10-25T14:12:33 IST" skipped="0">
  <testcase classname="com.newCode.TestRegisterAPI" name="registerAPITest" time="4.535"/>
  <testcase classname="com.newCode.TestRegisterAPI" name="registerAPITest" time="0.631"/>
  <testcase classname="com.newCode.TestRegisterAPI" name="registerAPITest" time="0.625"/>
</testsuite> <!-- com.newCode.TestRegisterAPI -->
